on_press: key='i', state=IDLE
on_release: key='i', state=IDLE
on_press: key='v', state=IDLE
on_release: key='v', state=IDLE
on_press: key='e', state=IDLE
on_release: key='e', state=IDLE
on_press: key=Key.space, state=IDLE
on_release: key=Key.space, state=IDLE
on_press: key='d', state=IDLE
on_release: key='d', state=IDLE
on_press: key='e', state=IDLE
on_release: key='e', state=IDLE
on_press: key='s', state=IDLE
on_release: key='s', state=IDLE
on_press: key='k', state=IDLE
on_release: key='k', state=IDLE
on_press: key='t', state=IDLE
on_release: key='t', state=IDLE
on_press: key='o', state=IDLE
on_release: key='o', state=IDLE
on_press: key='p', state=IDLE
on_release: key='p', state=IDLE
on_press: key=Key.space, state=IDLE
on_release: key=Key.space, state=IDLE
on_press: key='s', state=IDLE
on_release: key='s', state=IDLE
on_press: key='o', state=IDLE
on_release: key='o', state=IDLE
on_press: key='l', state=IDLE
on_release: key='l', state=IDLE
on_press: key='l', state=IDLE
on_release: key='l', state=IDLE
on_press: key=Key.space, state=IDLE
on_release: key=Key.space, state=IDLE
on_press: key='m', state=IDLE
on_release: key='m', state=IDLE
on_press: key=Key.backspace, state=IDLE
on_release: key=Key.backspace, state=IDLE
on_press: key='d', state=IDLE
on_release: key='d', state=IDLE
on_press: key='e', state=IDLE
on_release: key='e', state=IDLE
on_press: key='z', state=IDLE
on_release: key='z', state=IDLE
on_press: key='e', state=IDLE
on_release: key='e', state=IDLE
on_press: key='n', state=IDLE
on_release: key='n', state=IDLE
on_press: key='t', state=IDLE
on_release: key='t', state=IDLE
on_press: key=Key.space, state=IDLE
on_release: key=Key.space, state=IDLE
on_press: key='g', state=IDLE
on_release: key='g', state=IDLE
on_press: key='r', state=IDLE
on_release: key='r', state=IDLE
on_press: key='ü', state=IDLE
on_release: key='ü', state=IDLE
on_press: key='n', state=IDLE
on_release: key='n', state=IDLE
on_press: key=Key.space, state=IDLE
on_release: key=Key.space, state=IDLE
on_press: key='g', state=IDLE
on_release: key='g', state=IDLE
on_press: key='e', state=IDLE
on_release: key='e', state=IDLE
on_press: key='k', state=IDLE
on_release: key='k', state=IDLE
on_press: key='e', state=IDLE
on_release: key='e', state=IDLE
on_press: key='n', state=IDLE
on_release: key='n', state=IDLE
on_press: key='n', state=IDLE
on_release: key='n', state=IDLE
on_press: key='z', state=IDLE
on_release: key='z', state=IDLE
on_press: key='e', state=IDLE
on_release: key='e', state=IDLE
on_press: key='i', state=IDLE
on_release: key='i', state=IDLE
on_press: key='c', state=IDLE
on_release: key='c', state=IDLE
on_press: key='h', state=IDLE
on_release: key='h', state=IDLE
on_press: key='n', state=IDLE
on_release: key='n', state=IDLE
on_press: key='e', state=IDLE
on_release: key='e', state=IDLE
on_press: key='t', state=IDLE
on_press: key=Key.space, state=IDLE
on_release: key='t', state=IDLE
on_release: key=Key.space, state=IDLE
on_press: key=Key.backspace, state=IDLE
on_release: key=Key.backspace, state=IDLE
on_press: key=Key.backspace, state=IDLE
on_release: key=Key.backspace, state=IDLE
on_press: key=Key.backspace, state=IDLE
on_release: key=Key.backspace, state=IDLE
on_press: key=Key.backspace, state=IDLE
on_release: key=Key.backspace, state=IDLE
on_press: key=Key.backspace, state=IDLE
on_release: key=Key.backspace, state=IDLE
on_press: key=Key.backspace, state=IDLE
on_release: key=Key.backspace, state=IDLE
on_press: key=Key.backspace, state=IDLE
on_release: key=Key.backspace, state=IDLE
on_press: key=Key.backspace, state=IDLE
on_release: key=Key.backspace, state=IDLE
on_press: key=Key.backspace, state=IDLE
on_release: key=Key.backspace, state=IDLE
on_press: key=Key.backspace, state=IDLE
on_release: key=Key.backspace, state=IDLE
on_press: key=Key.backspace, state=IDLE
on_release: key=Key.backspace, state=IDLE
on_press: key=Key.backspace, state=IDLE
on_release: key=Key.backspace, state=IDLE
on_press: key=Key.backspace, state=IDLE
on_release: key=Key.backspace, state=IDLE
on_press: key=Key.backspace, state=IDLE
on_release: key=Key.backspace, state=IDLE
on_press: key=Key.backspace, state=IDLE
on_release: key=Key.backspace, state=IDLE
on_press: key='e', state=IDLE
on_release: key='e', state=IDLE
on_press: key='i', state=IDLE
on_release: key='i', state=IDLE
on_press: key='n', state=IDLE
on_release: key='n', state=IDLE
on_press: key='g', state=IDLE
on_release: key='g', state=IDLE
on_press: key='e', state=IDLE
on_release: key='e', state=IDLE
on_press: key='f', state=IDLE
on_release: key='f', state=IDLE
on_press: key='ä', state=IDLE
on_release: key='ä', state=IDLE
on_press: key='r', state=IDLE
on_release: key='r', state=IDLE
on_press: key='b', state=IDLE
on_release: key='b', state=IDLE
on_press: key='t', state=IDLE
on_release: key='t', state=IDLE
on_press: key=Key.space, state=IDLE
on_release: key=Key.space, state=IDLE
on_press: key='s', state=IDLE
on_release: key='s', state=IDLE
on_press: key='e', state=IDLE
on_release: key='e', state=IDLE
on_press: key='i', state=IDLE
on_release: key='i', state=IDLE
on_press: key='n', state=IDLE
on_release: key='n', state=IDLE
on_press: key='.', state=IDLE
on_release: key='.', state=IDLE
on_press: key='a', state=IDLE
on_release: key='a', state=IDLE
on_press: key='u', state=IDLE
on_release: key='u', state=IDLE
on_press: key='ß', state=IDLE
on_release: key='ß', state=IDLE
on_press: key='e', state=IDLE
on_press: key='r', state=IDLE
on_release: key='e', state=IDLE
on_release: key='r', state=IDLE
on_press: key='d', state=IDLE
on_press: key='e', state=IDLE
on_release: key='d', state=IDLE
on_release: key='e', state=IDLE
on_press: key='m', state=IDLE
on_release: key='m', state=IDLE
on_press: key=Key.space, state=IDLE
on_release: key=Key.space, state=IDLE
on_press: key='a', state=IDLE
on_release: key='a', state=IDLE
on_press: key='u', state=IDLE
on_release: key='u', state=IDLE
on_press: key='c', state=IDLE
on_release: key='c', state=IDLE
on_press: key='h', state=IDLE
on_release: key='h', state=IDLE
on_press: key=Key.space, state=IDLE
on_release: key=Key.space, state=IDLE
on_press: key=Key.enter, state=IDLE
on_release: key=Key.enter, state=IDLE
on_press: key=Key.ctrl_l, state=IDLE
on_press: key=Key.shift, state=IDLE
State changed to WAITING_FOR_ALT_NUM
on_release: key=Key.shift, state=WAITING_FOR_ALT_NUM
on_release: key=Key.ctrl_l, state=WAITING_FOR_ALT_NUM
on_press: key=Key.alt_l, state=WAITING_FOR_ALT_NUM
on_press: key=Key.alt_l, state=WAITING_FOR_ALT_NUM
on_press: key=Key.alt_l, state=WAITING_FOR_ALT_NUM
on_press: key=Key.alt_l, state=WAITING_FOR_ALT_NUM
on_press: key=Key.alt_l, state=WAITING_FOR_ALT_NUM
on_press: key=Key.alt_l, state=WAITING_FOR_ALT_NUM
on_press: key=Key.alt_l, state=WAITING_FOR_ALT_NUM
on_press: key=Key.alt_l, state=WAITING_FOR_ALT_NUM
on_press: key=Key.alt_l, state=WAITING_FOR_ALT_NUM
on_press: key=Key.alt_l, state=WAITING_FOR_ALT_NUM
on_press: key=Key.alt_l, state=WAITING_FOR_ALT_NUM
on_press: key=Key.alt_l, state=WAITING_FOR_ALT_NUM
on_press: key=Key.alt_l, state=WAITING_FOR_ALT_NUM
on_press: key=Key.alt_l, state=WAITING_FOR_ALT_NUM
on_press: key=Key.alt_l, state=WAITING_FOR_ALT_NUM
on_press: key=Key.alt_l, state=WAITING_FOR_ALT_NUM
on_press: key=Key.alt_l, state=WAITING_FOR_ALT_NUM
on_press: key=Key.alt_l, state=WAITING_FOR_ALT_NUM
on_press: key=Key.alt_l, state=WAITING_FOR_ALT_NUM
on_press: key=Key.alt_l, state=WAITING_FOR_ALT_NUM
on_press: key=Key.alt_l, state=WAITING_FOR_ALT_NUM
on_press: key=Key.alt_l, state=WAITING_FOR_ALT_NUM
on_press: key=Key.alt_l, state=WAITING_FOR_ALT_NUM
on_press: key=Key.alt_l, state=WAITING_FOR_ALT_NUM
on_press: key=Key.alt_l, state=WAITING_FOR_ALT_NUM
on_press: key=Key.alt_l, state=WAITING_FOR_ALT_NUM
on_press: key=Key.alt_l, state=WAITING_FOR_ALT_NUM
on_press: key=Key.alt_l, state=WAITING_FOR_ALT_NUM
on_press: key=Key.alt_l, state=WAITING_FOR_ALT_NUM
on_press: key=Key.alt_l, state=WAITING_FOR_ALT_NUM
on_press: key=Key.alt_l, state=WAITING_FOR_ALT_NUM
on_press: key=Key.alt_l, state=WAITING_FOR_ALT_NUM
on_press: key=Key.alt_l, state=WAITING_FOR_ALT_NUM
on_press: key=Key.alt_l, state=WAITING_FOR_ALT_NUM
on_press: key=Key.alt_l, state=WAITING_FOR_ALT_NUM
on_press: key=Key.alt_l, state=WAITING_FOR_ALT_NUM
on_press: key=Key.alt_l, state=WAITING_FOR_ALT_NUM
on_press: key=Key.alt_l, state=WAITING_FOR_ALT_NUM
on_press: key=Key.alt_l, state=WAITING_FOR_ALT_NUM
on_press: key=Key.alt_l, state=WAITING_FOR_ALT_NUM
on_press: key=Key.alt_l, state=WAITING_FOR_ALT_NUM
on_press: key=Key.alt_l, state=WAITING_FOR_ALT_NUM
on_press: key=Key.alt_l, state=WAITING_FOR_ALT_NUM
on_press: key=Key.alt_l, state=WAITING_FOR_ALT_NUM
on_press: key=Key.alt_l, state=WAITING_FOR_ALT_NUM
on_press: key=Key.alt_l, state=WAITING_FOR_ALT_NUM
on_press: key=Key.alt_l, state=WAITING_FOR_ALT_NUM
on_press: key=Key.alt_l, state=WAITING_FOR_ALT_NUM
on_press: key=Key.alt_l, state=WAITING_FOR_ALT_NUM
on_press: key=Key.alt_l, state=WAITING_FOR_ALT_NUM
on_press: key=Key.alt_l, state=WAITING_FOR_ALT_NUM
on_press: key=Key.alt_l, state=WAITING_FOR_ALT_NUM
on_press: key=Key.alt_l, state=WAITING_FOR_ALT_NUM
on_press: key=Key.alt_l, state=WAITING_FOR_ALT_NUM
on_press: key=Key.alt_l, state=WAITING_FOR_ALT_NUM
on_press: key=Key.alt_l, state=WAITING_FOR_ALT_NUM
on_press: key=Key.alt_l, state=WAITING_FOR_ALT_NUM
on_press: key=Key.alt_l, state=WAITING_FOR_ALT_NUM
on_press: key=Key.alt_l, state=WAITING_FOR_ALT_NUM
on_press: key=Key.alt_l, state=WAITING_FOR_ALT_NUM
on_press: key=Key.alt_l, state=WAITING_FOR_ALT_NUM
on_press: key=Key.alt_l, state=WAITING_FOR_ALT_NUM
on_press: key=Key.alt_l, state=WAITING_FOR_ALT_NUM
on_press: key=Key.alt_l, state=WAITING_FOR_ALT_NUM
on_press: key=Key.alt_l, state=WAITING_FOR_ALT_NUM
on_press: key=Key.alt_l, state=WAITING_FOR_ALT_NUM
on_press: key=Key.alt_l, state=WAITING_FOR_ALT_NUM
on_press: key=Key.alt_l, state=WAITING_FOR_ALT_NUM
on_press: key=Key.alt_l, state=WAITING_FOR_ALT_NUM
on_press: key=Key.alt_l, state=WAITING_FOR_ALT_NUM
on_press: key=Key.alt_l, state=WAITING_FOR_ALT_NUM
on_press: key=Key.alt_l, state=WAITING_FOR_ALT_NUM
on_press: key=Key.alt_l, state=WAITING_FOR_ALT_NUM
on_press: key=Key.alt_l, state=WAITING_FOR_ALT_NUM
on_press: key=Key.alt_l, state=WAITING_FOR_ALT_NUM
on_press: key=Key.alt_l, state=WAITING_FOR_ALT_NUM
on_press: key=Key.alt_l, state=WAITING_FOR_ALT_NUM
on_press: key=Key.alt_l, state=WAITING_FOR_ALT_NUM
on_press: key=Key.alt_l, state=WAITING_FOR_ALT_NUM
on_press: key=Key.alt_l, state=WAITING_FOR_ALT_NUM
on_press: key=Key.alt_l, state=WAITING_FOR_ALT_NUM
on_press: key=Key.alt_l, state=WAITING_FOR_ALT_NUM
on_press: key=Key.alt_l, state=WAITING_FOR_ALT_NUM
on_press: key=Key.alt_l, state=WAITING_FOR_ALT_NUM
on_press: key=Key.alt_l, state=WAITING_FOR_ALT_NUM
on_press: key=Key.alt_l, state=WAITING_FOR_ALT_NUM
on_press: key=Key.alt_l, state=WAITING_FOR_ALT_NUM
on_press: key=Key.alt_l, state=WAITING_FOR_ALT_NUM
on_press: key=Key.alt_l, state=WAITING_FOR_ALT_NUM
on_press: key=Key.alt_l, state=WAITING_FOR_ALT_NUM
on_press: key=Key.alt_l, state=WAITING_FOR_ALT_NUM
on_press: key=Key.alt_l, state=WAITING_FOR_ALT_NUM
on_press: key=Key.alt_l, state=WAITING_FOR_ALT_NUM
on_press: key=Key.alt_l, state=WAITING_FOR_ALT_NUM
on_press: key=Key.alt_l, state=WAITING_FOR_ALT_NUM
on_press: key=Key.alt_l, state=WAITING_FOR_ALT_NUM
on_press: key=Key.alt_l, state=WAITING_FOR_ALT_NUM
on_press: key=Key.alt_l, state=WAITING_FOR_ALT_NUM
on_press: key=Key.alt_l, state=WAITING_FOR_ALT_NUM
on_press: key=Key.alt_l, state=WAITING_FOR_ALT_NUM
on_press: key=Key.alt_l, state=WAITING_FOR_ALT_NUM
on_press: key=Key.alt_l, state=WAITING_FOR_ALT_NUM
on_press: key=Key.alt_l, state=WAITING_FOR_ALT_NUM
on_press: key=Key.alt_l, state=WAITING_FOR_ALT_NUM
on_press: key=Key.alt_l, state=WAITING_FOR_ALT_NUM
on_press: key=Key.alt_l, state=WAITING_FOR_ALT_NUM
on_press: key=Key.alt_l, state=WAITING_FOR_ALT_NUM
on_press: key=Key.alt_l, state=WAITING_FOR_ALT_NUM
on_press: key=Key.alt_l, state=WAITING_FOR_ALT_NUM
on_press: key=Key.alt_l, state=WAITING_FOR_ALT_NUM
on_press: key=Key.alt_l, state=WAITING_FOR_ALT_NUM
on_press: key=Key.alt_l, state=WAITING_FOR_ALT_NUM
on_press: key=Key.alt_l, state=WAITING_FOR_ALT_NUM
on_press: key=Key.alt_l, state=WAITING_FOR_ALT_NUM
on_press: key=Key.alt_l, state=WAITING_FOR_ALT_NUM
on_press: key=Key.alt_l, state=WAITING_FOR_ALT_NUM
on_press: key=Key.alt_l, state=WAITING_FOR_ALT_NUM
on_press: key=Key.alt_l, state=WAITING_FOR_ALT_NUM
on_press: key=Key.alt_l, state=WAITING_FOR_ALT_NUM
on_press: key=Key.alt_l, state=WAITING_FOR_ALT_NUM
on_press: key=Key.alt_l, state=WAITING_FOR_ALT_NUM
on_press: key=Key.alt_l, state=WAITING_FOR_ALT_NUM
on_press: key=Key.alt_l, state=WAITING_FOR_ALT_NUM
on_press: key=Key.alt_l, state=WAITING_FOR_ALT_NUM
on_press: key=Key.alt_l, state=WAITING_FOR_ALT_NUM
on_press: key=Key.alt_l, state=WAITING_FOR_ALT_NUM
on_press: key=Key.alt_l, state=WAITING_FOR_ALT_NUM
on_press: key=Key.alt_l, state=WAITING_FOR_ALT_NUM
on_press: key=Key.alt_l, state=WAITING_FOR_ALT_NUM
on_press: key=Key.alt_l, state=WAITING_FOR_ALT_NUM
on_press: key=Key.alt_l, state=WAITING_FOR_ALT_NUM
on_press: key=Key.alt_l, state=WAITING_FOR_ALT_NUM
on_press: key=Key.alt_l, state=WAITING_FOR_ALT_NUM
on_press: key=Key.alt_l, state=WAITING_FOR_ALT_NUM
on_press: key=Key.alt_l, state=WAITING_FOR_ALT_NUM
on_press: key=Key.alt_l, state=WAITING_FOR_ALT_NUM
on_press: key=Key.alt_l, state=WAITING_FOR_ALT_NUM
on_press: key=Key.alt_l, state=WAITING_FOR_ALT_NUM
on_press: key=Key.alt_l, state=WAITING_FOR_ALT_NUM
on_press: key=Key.alt_l, state=WAITING_FOR_ALT_NUM
on_press: key=Key.alt_l, state=WAITING_FOR_ALT_NUM
on_press: key=Key.alt_l, state=WAITING_FOR_ALT_NUM
on_press: key=Key.alt_l, state=WAITING_FOR_ALT_NUM
on_press: key=Key.alt_l, state=WAITING_FOR_ALT_NUM
on_press: key=Key.alt_l, state=WAITING_FOR_ALT_NUM
on_press: key=Key.alt_l, state=WAITING_FOR_ALT_NUM
on_press: key=Key.alt_l, state=WAITING_FOR_ALT_NUM
on_press: key=Key.alt_l, state=WAITING_FOR_ALT_NUM
on_press: key=Key.alt_l, state=WAITING_FOR_ALT_NUM
on_press: key=Key.alt_l, state=WAITING_FOR_ALT_NUM
on_press: key=Key.alt_l, state=WAITING_FOR_ALT_NUM
on_press: key=Key.alt_l, state=WAITING_FOR_ALT_NUM
on_press: key=Key.alt_l, state=WAITING_FOR_ALT_NUM
on_press: key=Key.alt_l, state=WAITING_FOR_ALT_NUM
on_press: key=Key.alt_l, state=WAITING_FOR_ALT_NUM
on_press: key=Key.alt_l, state=WAITING_FOR_ALT_NUM
on_press: key=Key.alt_l, state=WAITING_FOR_ALT_NUM
on_press: key=Key.alt_l, state=WAITING_FOR_ALT_NUM
on_press: key=Key.alt_l, state=WAITING_FOR_ALT_NUM
on_press: key=Key.alt_l, state=WAITING_FOR_ALT_NUM
on_press: key=Key.alt_l, state=WAITING_FOR_ALT_NUM
on_press: key=Key.alt_l, state=WAITING_FOR_ALT_NUM
on_press: key=Key.alt_l, state=WAITING_FOR_ALT_NUM
on_press: key=Key.alt_l, state=WAITING_FOR_ALT_NUM
on_press: key=Key.alt_l, state=WAITING_FOR_ALT_NUM
on_press: key=Key.alt_l, state=WAITING_FOR_ALT_NUM
on_press: key=Key.alt_l, state=WAITING_FOR_ALT_NUM
on_press: key=Key.alt_l, state=WAITING_FOR_ALT_NUM
on_press: key=Key.alt_l, state=WAITING_FOR_ALT_NUM
on_press: key=Key.alt_l, state=WAITING_FOR_ALT_NUM
on_press: key=Key.alt_l, state=WAITING_FOR_ALT_NUM
on_press: key=Key.alt_l, state=WAITING_FOR_ALT_NUM
on_press: key=Key.alt_l, state=WAITING_FOR_ALT_NUM
on_press: key=Key.alt_l, state=WAITING_FOR_ALT_NUM
on_press: key=Key.alt_l, state=WAITING_FOR_ALT_NUM
on_press: key=Key.alt_l, state=WAITING_FOR_ALT_NUM
on_press: key=Key.alt_l, state=WAITING_FOR_ALT_NUM
on_press: key=Key.alt_l, state=WAITING_FOR_ALT_NUM
on_press: key=Key.alt_l, state=WAITING_FOR_ALT_NUM
on_press: key=Key.alt_l, state=WAITING_FOR_ALT_NUM
on_press: key=Key.alt_l, state=WAITING_FOR_ALT_NUM
on_press: key=Key.alt_l, state=WAITING_FOR_ALT_NUM
on_release: key=Key.alt_l, state=WAITING_FOR_ALT_NUM
Resetting state to IDLE
on_press: key=Key.ctrl_l, state=IDLE
on_press: key=Key.shift, state=IDLE
State changed to WAITING_FOR_ALT_NUM
on_release: key=Key.shift, state=WAITING_FOR_ALT_NUM
on_release: key=Key.ctrl_l, state=WAITING_FOR_ALT_NUM
on_press: key=Key.alt_l, state=WAITING_FOR_ALT_NUM
on_press: key=Key.alt_l, state=WAITING_FOR_ALT_NUM
on_press: key=Key.alt_l, state=WAITING_FOR_ALT_NUM
on_press: key=Key.alt_l, state=WAITING_FOR_ALT_NUM
on_press: key=Key.alt_l, state=WAITING_FOR_ALT_NUM
on_press: key=Key.alt_l, state=WAITING_FOR_ALT_NUM
on_press: key=Key.alt_l, state=WAITING_FOR_ALT_NUM
on_press: key=Key.alt_l, state=WAITING_FOR_ALT_NUM
on_press: key=Key.alt_l, state=WAITING_FOR_ALT_NUM
on_press: key=Key.alt_l, state=WAITING_FOR_ALT_NUM
on_press: key=Key.alt_l, state=WAITING_FOR_ALT_NUM
on_press: key=Key.alt_l, state=WAITING_FOR_ALT_NUM
on_press: key=Key.alt_l, state=WAITING_FOR_ALT_NUM
on_press: key=Key.alt_l, state=WAITING_FOR_ALT_NUM
on_press: key=Key.alt_l, state=WAITING_FOR_ALT_NUM
on_press: key=Key.alt_l, state=WAITING_FOR_ALT_NUM
on_press: key=Key.alt_l, state=WAITING_FOR_ALT_NUM
on_press: key=Key.alt_l, state=WAITING_FOR_ALT_NUM
on_press: key=Key.alt_l, state=WAITING_FOR_ALT_NUM
on_press: key=Key.alt_l, state=WAITING_FOR_ALT_NUM
on_press: key=Key.alt_l, state=WAITING_FOR_ALT_NUM
on_press: key=Key.alt_l, state=WAITING_FOR_ALT_NUM
on_press: key=Key.alt_l, state=WAITING_FOR_ALT_NUM
on_press: key=Key.alt_l, state=WAITING_FOR_ALT_NUM
on_press: key=Key.alt_l, state=WAITING_FOR_ALT_NUM
on_press: key=Key.alt_l, state=WAITING_FOR_ALT_NUM
on_press: key=Key.alt_l, state=WAITING_FOR_ALT_NUM
on_press: key=Key.alt_l, state=WAITING_FOR_ALT_NUM
on_press: key=Key.alt_l, state=WAITING_FOR_ALT_NUM
on_press: key=Key.alt_l, state=WAITING_FOR_ALT_NUM
on_press: key=Key.alt_l, state=WAITING_FOR_ALT_NUM
on_press: key=Key.alt_l, state=WAITING_FOR_ALT_NUM
on_press: key=Key.alt_l, state=WAITING_FOR_ALT_NUM
on_press: key=Key.alt_l, state=WAITING_FOR_ALT_NUM
on_press: key=Key.alt_l, state=WAITING_FOR_ALT_NUM
on_press: key=Key.alt_l, state=WAITING_FOR_ALT_NUM
on_press: key=Key.alt_l, state=WAITING_FOR_ALT_NUM
on_press: key=Key.alt_l, state=WAITING_FOR_ALT_NUM
on_press: key=Key.alt_l, state=WAITING_FOR_ALT_NUM
on_press: key=Key.alt_l, state=WAITING_FOR_ALT_NUM
on_press: key=Key.alt_l, state=WAITING_FOR_ALT_NUM
on_press: key=Key.alt_l, state=WAITING_FOR_ALT_NUM
on_press: key=Key.alt_l, state=WAITING_FOR_ALT_NUM
on_press: key=Key.alt_l, state=WAITING_FOR_ALT_NUM
on_press: key=Key.alt_l, state=WAITING_FOR_ALT_NUM
on_press: key=Key.alt_l, state=WAITING_FOR_ALT_NUM
on_press: key=Key.alt_l, state=WAITING_FOR_ALT_NUM
on_press: key=Key.alt_l, state=WAITING_FOR_ALT_NUM
on_press: key=Key.alt_l, state=WAITING_FOR_ALT_NUM
on_press: key=Key.alt_l, state=WAITING_FOR_ALT_NUM
on_press: key=Key.alt_l, state=WAITING_FOR_ALT_NUM
on_press: key=Key.alt_l, state=WAITING_FOR_ALT_NUM
on_press: key=Key.alt_l, state=WAITING_FOR_ALT_NUM
on_press: key=Key.alt_l, state=WAITING_FOR_ALT_NUM
on_press: key=Key.alt_l, state=WAITING_FOR_ALT_NUM
on_press: key=Key.alt_l, state=WAITING_FOR_ALT_NUM
on_press: key=Key.alt_l, state=WAITING_FOR_ALT_NUM
on_press: key=Key.alt_l, state=WAITING_FOR_ALT_NUM
on_press: key=Key.alt_l, state=WAITING_FOR_ALT_NUM
on_press: key=Key.alt_l, state=WAITING_FOR_ALT_NUM
on_press: key=Key.alt_l, state=WAITING_FOR_ALT_NUM
on_press: key=Key.alt_l, state=WAITING_FOR_ALT_NUM
on_press: key=Key.alt_l, state=WAITING_FOR_ALT_NUM
on_press: key=Key.alt_l, state=WAITING_FOR_ALT_NUM
on_press: key=Key.alt_l, state=WAITING_FOR_ALT_NUM
on_press: key=Key.alt_l, state=WAITING_FOR_ALT_NUM
on_press: key=Key.alt_l, state=WAITING_FOR_ALT_NUM
on_press: key=Key.alt_l, state=WAITING_FOR_ALT_NUM
on_press: key=Key.alt_l, state=WAITING_FOR_ALT_NUM
on_press: key=Key.alt_l, state=WAITING_FOR_ALT_NUM
on_press: key=Key.alt_l, state=WAITING_FOR_ALT_NUM
on_press: key=Key.alt_l, state=WAITING_FOR_ALT_NUM
on_press: key=Key.alt_l, state=WAITING_FOR_ALT_NUM
on_press: key=Key.alt_l, state=WAITING_FOR_ALT_NUM
on_press: key=Key.alt_l, state=WAITING_FOR_ALT_NUM
on_press: key=Key.alt_l, state=WAITING_FOR_ALT_NUM
on_press: key=Key.alt_l, state=WAITING_FOR_ALT_NUM
on_press: key=Key.alt_l, state=WAITING_FOR_ALT_NUM
on_press: key=Key.alt_l, state=WAITING_FOR_ALT_NUM
on_press: key=Key.alt_l, state=WAITING_FOR_ALT_NUM
on_press: key=Key.alt_l, state=WAITING_FOR_ALT_NUM
on_press: key=Key.alt_l, state=WAITING_FOR_ALT_NUM
on_press: key=Key.alt_l, state=WAITING_FOR_ALT_NUM
on_press: key=Key.alt_l, state=WAITING_FOR_ALT_NUM
on_press: key=Key.alt_l, state=WAITING_FOR_ALT_NUM
on_press: key=Key.alt_l, state=WAITING_FOR_ALT_NUM
on_press: key=Key.alt_l, state=WAITING_FOR_ALT_NUM
on_press: key=Key.alt_l, state=WAITING_FOR_ALT_NUM
on_press: key=Key.alt_l, state=WAITING_FOR_ALT_NUM
on_press: key=Key.alt_l, state=WAITING_FOR_ALT_NUM
on_press: key=Key.alt_l, state=WAITING_FOR_ALT_NUM
on_press: key=Key.alt_l, state=WAITING_FOR_ALT_NUM
on_press: key=Key.alt_l, state=WAITING_FOR_ALT_NUM
on_press: key=Key.alt_l, state=WAITING_FOR_ALT_NUM
on_press: key=Key.alt_l, state=WAITING_FOR_ALT_NUM
on_press: key=Key.alt_l, state=WAITING_FOR_ALT_NUM
on_press: key=Key.alt_l, state=WAITING_FOR_ALT_NUM
on_press: key=Key.alt_l, state=WAITING_FOR_ALT_NUM
on_press: key=Key.alt_l, state=WAITING_FOR_ALT_NUM
on_press: key=Key.alt_l, state=WAITING_FOR_ALT_NUM
on_press: key=Key.alt_l, state=WAITING_FOR_ALT_NUM
on_press: key=Key.alt_l, state=WAITING_FOR_ALT_NUM
on_press: key=Key.alt_l, state=WAITING_FOR_ALT_NUM
on_press: key=Key.alt_l, state=WAITING_FOR_ALT_NUM
on_press: key=Key.alt_l, state=WAITING_FOR_ALT_NUM
on_press: key=Key.alt_l, state=WAITING_FOR_ALT_NUM
on_press: key=Key.alt_l, state=WAITING_FOR_ALT_NUM
on_press: key=Key.alt_l, state=WAITING_FOR_ALT_NUM
on_press: key=Key.alt_l, state=WAITING_FOR_ALT_NUM
on_press: key=Key.alt_l, state=WAITING_FOR_ALT_NUM
on_press: key=Key.alt_l, state=WAITING_FOR_ALT_NUM
on_press: key=Key.alt_l, state=WAITING_FOR_ALT_NUM
on_press: key=Key.alt_l, state=WAITING_FOR_ALT_NUM
on_press: key=Key.alt_l, state=WAITING_FOR_ALT_NUM
on_press: key=Key.alt_l, state=WAITING_FOR_ALT_NUM
on_press: key=Key.alt_l, state=WAITING_FOR_ALT_NUM
on_press: key=Key.alt_l, state=WAITING_FOR_ALT_NUM
on_press: key=Key.alt_l, state=WAITING_FOR_ALT_NUM
on_press: key=Key.alt_l, state=WAITING_FOR_ALT_NUM
on_press: key=Key.alt_l, state=WAITING_FOR_ALT_NUM
on_press: key=Key.alt_l, state=WAITING_FOR_ALT_NUM
on_press: key=Key.alt_l, state=WAITING_FOR_ALT_NUM
on_press: key=Key.alt_l, state=WAITING_FOR_ALT_NUM
on_press: key=Key.alt_l, state=WAITING_FOR_ALT_NUM
on_press: key=Key.alt_l, state=WAITING_FOR_ALT_NUM
on_press: key=Key.alt_l, state=WAITING_FOR_ALT_NUM
on_press: key=Key.alt_l, state=WAITING_FOR_ALT_NUM
on_press: key=Key.alt_l, state=WAITING_FOR_ALT_NUM
on_press: key=Key.alt_l, state=WAITING_FOR_ALT_NUM
on_press: key=Key.alt_l, state=WAITING_FOR_ALT_NUM
on_press: key=Key.alt_l, state=WAITING_FOR_ALT_NUM
on_press: key=Key.alt_l, state=WAITING_FOR_ALT_NUM
on_press: key=Key.alt_l, state=WAITING_FOR_ALT_NUM
on_press: key=Key.alt_l, state=WAITING_FOR_ALT_NUM
on_press: key=Key.alt_l, state=WAITING_FOR_ALT_NUM
on_press: key=Key.alt_l, state=WAITING_FOR_ALT_NUM
on_press: key=Key.alt_l, state=WAITING_FOR_ALT_NUM
on_press: key=Key.alt_l, state=WAITING_FOR_ALT_NUM
on_press: key=Key.alt_l, state=WAITING_FOR_ALT_NUM
on_press: key=Key.alt_l, state=WAITING_FOR_ALT_NUM
on_press: key=Key.alt_l, state=WAITING_FOR_ALT_NUM
on_press: key=Key.alt_l, state=WAITING_FOR_ALT_NUM
on_press: key=Key.alt_l, state=WAITING_FOR_ALT_NUM
on_press: key=Key.alt_l, state=WAITING_FOR_ALT_NUM
on_press: key=Key.alt_l, state=WAITING_FOR_ALT_NUM
on_press: key=Key.alt_l, state=WAITING_FOR_ALT_NUM
on_press: key=Key.alt_l, state=WAITING_FOR_ALT_NUM
on_press: key=Key.alt_l, state=WAITING_FOR_ALT_NUM
on_press: key=Key.alt_l, state=WAITING_FOR_ALT_NUM
on_press: key=Key.alt_l, state=WAITING_FOR_ALT_NUM
on_press: key=Key.alt_l, state=WAITING_FOR_ALT_NUM
on_press: key=Key.alt_l, state=WAITING_FOR_ALT_NUM
on_press: key=Key.alt_l, state=WAITING_FOR_ALT_NUM
on_press: key=Key.alt_l, state=WAITING_FOR_ALT_NUM
on_press: key=Key.alt_l, state=WAITING_FOR_ALT_NUM
on_press: key=Key.alt_l, state=WAITING_FOR_ALT_NUM
on_press: key=Key.alt_l, state=WAITING_FOR_ALT_NUM
on_press: key=Key.alt_l, state=WAITING_FOR_ALT_NUM
on_press: key=Key.alt_l, state=WAITING_FOR_ALT_NUM
on_press: key=Key.alt_l, state=WAITING_FOR_ALT_NUM
on_press: key=Key.alt_l, state=WAITING_FOR_ALT_NUM
on_press: key=Key.alt_l, state=WAITING_FOR_ALT_NUM
on_press: key=Key.alt_l, state=WAITING_FOR_ALT_NUM
on_press: key=Key.alt_l, state=WAITING_FOR_ALT_NUM
on_press: key=Key.alt_l, state=WAITING_FOR_ALT_NUM
on_press: key=Key.alt_l, state=WAITING_FOR_ALT_NUM
on_press: key=Key.alt_l, state=WAITING_FOR_ALT_NUM
on_press: key=Key.alt_l, state=WAITING_FOR_ALT_NUM
on_press: key=Key.alt_l, state=WAITING_FOR_ALT_NUM
on_press: key=Key.alt_l, state=WAITING_FOR_ALT_NUM
on_press: key=Key.alt_l, state=WAITING_FOR_ALT_NUM
on_press: key=Key.alt_l, state=WAITING_FOR_ALT_NUM
on_press: key=Key.alt_l, state=WAITING_FOR_ALT_NUM
on_press: key=Key.alt_l, state=WAITING_FOR_ALT_NUM
on_press: key=Key.alt_l, state=WAITING_FOR_ALT_NUM
on_press: key=Key.alt_l, state=WAITING_FOR_ALT_NUM
on_press: key=Key.alt_l, state=WAITING_FOR_ALT_NUM
on_press: key=Key.alt_l, state=WAITING_FOR_ALT_NUM
on_press: key=Key.alt_l, state=WAITING_FOR_ALT_NUM
on_press: key=Key.alt_l, state=WAITING_FOR_ALT_NUM
on_press: key=Key.alt_l, state=WAITING_FOR_ALT_NUM
on_press: key=Key.alt_l, state=WAITING_FOR_ALT_NUM
on_press: key=Key.alt_l, state=WAITING_FOR_ALT_NUM
on_press: key=Key.alt_l, state=WAITING_FOR_ALT_NUM
on_press: key=Key.alt_l, state=WAITING_FOR_ALT_NUM
on_press: key=Key.alt_l, state=WAITING_FOR_ALT_NUM
on_press: key=Key.alt_l, state=WAITING_FOR_ALT_NUM
on_press: key=Key.alt_l, state=WAITING_FOR_ALT_NUM
on_press: key=Key.alt_l, state=WAITING_FOR_ALT_NUM
on_press: key=Key.alt_l, state=WAITING_FOR_ALT_NUM
on_press: key=Key.alt_l, state=WAITING_FOR_ALT_NUM
on_press: key=Key.alt_l, state=WAITING_FOR_ALT_NUM
on_press: key=Key.alt_l, state=WAITING_FOR_ALT_NUM
on_release: key=Key.alt_l, state=WAITING_FOR_ALT_NUM
Resetting state to IDLE
